Defaulting to user installation because normal site-packages is not writeable
Requirement already satisfied: fastapi in c:\users\prana\appdata\roaming\python\python313\site-packages (from -r requirements.txt (line 1)) (0.119.0)
Requirement already satisfied: playwright in c:\users\prana\appdata\roaming\python\python313\site-packages (from -r requirements.txt (line 3)) (1.55.0)
Requirement already satisfied: beautifulsoup4 in c:\users\prana\appdata\roaming\python\python313\site-packages (from -r requirements.txt (line 4)) (4.14.2)
Requirement already satisfied: requests in c:\users\prana\appdata\roaming\python\python313\site-packages (from -r requirements.txt (line 5)) (2.32.5)
Requirement already satisfied: python-multipart in c:\users\prana\appdata\roaming\python\python313\site-packages (from -r requirements.txt (line 6)) (0.0.20)
Requirement already satisfied: python-dotenv in c:\users\prana\appdata\roaming\python\python313\site-packages (from -r requirements.txt (line 7)) (1.1.1)
Requirement already satisfied: google-generativeai in c:\users\prana\appdata\roaming\python\python313\site-packages (from -r requirements.txt (line 8)) (0.8.5)
Requirement already satisfied: lxml in c:\users\prana\appdata\roaming\python\python313\site-packages (from -r requirements.txt (line 9)) (6.0.2)
Requirement already satisfied: aiofiles in c:\users\prana\appdata\roaming\python\python313\site-packages (from -r requirements.txt (line 10)) (25.1.0)
Requirement already satisfied: pydantic in c:\users\prana\appdata\roaming\python\python313\site-packages (from -r requirements.txt (line 11)) (2.12.2)
Requirement already satisfied: httpx in c:\users\prana\appdata\roaming\python\python313\site-packages (from -r requirements.txt (line 12)) (0.28.1)
Collecting sqlalchemy (from -r requirements.txt (line 13))
  Downloading sqlalchemy-2.0.44-cp313-cp313-win_amd64.whl.metadata (9.8 kB)
Collecting PyJWT (from -r requirements.txt (line 17))
  Downloading PyJWT-2.10.1-py3-none-any.whl.metadata (4.0 kB)
Collecting razorpay (from -r requirements.txt (line 18))
  Downloading razorpay-2.0.0-py3-none-any.whl.metadata (3.9 kB)
Requirement already satisfied: uvicorn[standard] in c:\users\prana\appdata\roaming\python\python313\site-packages (from -r requirements.txt (line 2)) (0.37.0)
Collecting python-jose[cryptography] (from -r requirements.txt (line 15))
  Downloading python_jose-3.5.0-py2.py3-none-any.whl.metadata (5.5 kB)
Collecting passlib[bcrypt] (from -r requirements.txt (line 16))
  Downloading passlib-1.7.4-py2.py3-none-any.whl.metadata (1.7 kB)
Requirement already satisfied: starlette<0.49.0,>=0.40.0 in c:\users\prana\appdata\roaming\python\python313\site-packages (from fastapi->-r requirements.txt (line 1)) (0.48.0)
Requirement already satisfied: typing-extensions>=4.8.0 in c:\users\prana\appdata\roaming\python\python313\site-packages (from fastapi->-r requirements.txt (line 1)) (4.15.0)
Requirement already satisfied: annotated-types>=0.6.0 in c:\users\prana\appdata\roaming\python\python313\site-packages (from pydantic->-r requirements.txt (line 11)) (0.7.0)
Requirement already satisfied: pydantic-core==2.41.4 in c:\users\prana\appdata\roaming\python\python313\site-packages (from pydantic->-r requirements.txt (line 11)) (2.41.4)
Requirement already satisfied: typing-inspection>=0.4.2 in c:\users\prana\appdata\roaming\python\python313\site-packages (from pydantic->-r requirements.txt (line 11)) (0.4.2)
Requirement already satisfied: anyio<5,>=3.6.2 in c:\users\prana\appdata\roaming\python\python313\site-packages (from starlette<0.49.0,>=0.40.0->fastapi->-r requirements.txt (line 1)) (4.11.0)
Requirement already satisfied: idna>=2.8 in c:\users\prana\appdata\roaming\python\python313\site-packages (from anyio<5,>=3.6.2->starlette<0.49.0,>=0.40.0->fastapi->-r requirements.txt (line 1)) (3.11)
Requirement already satisfied: sniffio>=1.1 in c:\users\prana\appdata\roaming\python\python313\site-packages (from anyio<5,>=3.6.2->starlette<0.49.0,>=0.40.0->fastapi->-r requirements.txt (line 1)) (1.3.1)
Requirement already satisfied: click>=7.0 in c:\users\prana\appdata\roaming\python\python313\site-packages (from uvicorn[standard]->-r requirements.txt (line 2)) (8.3.0)
Requirement already satisfied: h11>=0.8 in c:\users\prana\appdata\roaming\python\python313\site-packages (from uvicorn[standard]->-r requirements.txt (line 2)) (0.16.0)
Requirement already satisfied: colorama>=0.4 in c:\users\prana\appdata\roaming\python\python313\site-packages (from uvicorn[standard]->-r requirements.txt (line 2)) (0.4.6)
Requirement already satisfied: httptools>=0.6.3 in c:\users\prana\appdata\roaming\python\python313\site-packages (from uvicorn[standard]->-r requirements.txt (line 2)) (0.7.1)
Requirement already satisfied: pyyaml>=5.1 in c:\users\prana\appdata\roaming\python\python313\site-packages (from uvicorn[standard]->-r requirements.txt (line 2)) (6.0.3)
Requirement already satisfied: watchfiles>=0.13 in c:\users\prana\appdata\roaming\python\python313\site-packages (from uvicorn[standard]->-r requirements.txt (line 2)) (1.1.1)
Requirement already satisfied: websockets>=10.4 in c:\users\prana\appdata\roaming\python\python313\site-packages (from uvicorn[standard]->-r requirements.txt (line 2)) (15.0.1)
Requirement already satisfied: pyee<14,>=13 in c:\users\prana\appdata\roaming\python\python313\site-packages (from playwright->-r requirements.txt (line 3)) (13.0.0)
Requirement already satisfied: greenlet<4.0.0,>=3.1.1 in c:\users\prana\appdata\roaming\python\python313\site-packages (from playwright->-r requirements.txt (line 3)) (3.2.4)
Requirement already satisfied: soupsieve>1.2 in c:\users\prana\appdata\roaming\python\python313\site-packages (from beautifulsoup4->-r requirements.txt (line 4)) (2.8)
Requirement already satisfied: charset_normalizer<4,>=2 in c:\users\prana\appdata\roaming\python\python313\site-packages (from requests->-r requirements.txt (line 5)) (3.4.4)
Requirement already satisfied: urllib3<3,>=1.21.1 in c:\users\prana\appdata\roaming\python\python313\site-packages (from requests->-r requirements.txt (line 5)) (2.5.0)
Requirement already satisfied: certifi>=2017.4.17 in c:\users\prana\appdata\roaming\python\python313\site-packages (from requests->-r requirements.txt (line 5)) (2025.10.5)
Requirement already satisfied: google-ai-generativelanguage==0.6.15 in c:\users\prana\appdata\roaming\python\python313\site-packages (from google-generativeai->-r requirements.txt (line 8)) (0.6.15)
Requirement already satisfied: google-api-core in c:\users\prana\appdata\roaming\python\python313\site-packages (from google-generativeai->-r requirements.txt (line 8)) (2.26.0)
Requirement already satisfied: google-api-python-client in c:\users\prana\appdata\roaming\python\python313\site-packages (from google-generativeai->-r requirements.txt (line 8)) (2.184.0)
Requirement already satisfied: google-auth>=2.15.0 in c:\users\prana\appdata\roaming\python\python313\site-packages (from google-generativeai->-r requirements.txt (line 8)) (2.41.1)
Requirement already satisfied: protobuf in c:\users\prana\appdata\roaming\python\python313\site-packages (from google-generativeai->-r requirements.txt (line 8)) (5.29.5)
Requirement already satisfied: tqdm in c:\users\prana\appdata\roaming\python\python313\site-packages (from google-generativeai->-r requirements.txt (line 8)) (4.67.1)
Requirement already satisfied: proto-plus<2.0.0dev,>=1.22.3 in c:\users\prana\appdata\roaming\python\python313\site-packages (from google-ai-generativelanguage==0.6.15->google-generativeai->-r requirements.txt (line 8)) (1.26.1)
Requirement already satisfied: googleapis-common-protos<2.0.0,>=1.56.2 in c:\users\prana\appdata\roaming\python\python313\site-packages (from google-api-core->google-generativeai->-r requirements.txt (line 8)) (1.70.0)
Requirement already satisfied: grpcio<2.0.0,>=1.33.2 in c:\users\prana\appdata\roaming\python\python313\site-packages (from google-api-core[grpc]!=2.0.*,!=2.1.*,!=2.10.*,!=2.2.*,!=2.3.*,!=2.4.*,!=2.5.*,!=2.6.*,!=2.7.*,!=2.8.*,!=2.9.*,<3.0.0dev,>=1.34.1->google-ai-generativelanguage==0.6.15->google-generativeai->-r requirements.txt (line 8)) (1.75.1)
Requirement already satisfied: grpcio-status<2.0.0,>=1.33.2 in c:\users\prana\appdata\roaming\python\python313\site-packages (from google-api-core[grpc]!=2.0.*,!=2.1.*,!=2.10.*,!=2.2.*,!=2.3.*,!=2.4.*,!=2.5.*,!=2.6.*,!=2.7.*,!=2.8.*,!=2.9.*,<3.0.0dev,>=1.34.1->google-ai-generativelanguage==0.6.15->google-generativeai->-r requirements.txt (line 8)) (1.71.2)
Requirement already satisfied: cachetools<7.0,>=2.0.0 in c:\users\prana\appdata\roaming\python\python313\site-packages (from google-auth>=2.15.0->google-generativeai->-r requirements.txt (line 8)) (6.2.1)
Requirement already satisfied: pyasn1-modules>=0.2.1 in c:\users\prana\appdata\roaming\python\python313\site-packages (from google-auth>=2.15.0->google-generativeai->-r requirements.txt (line 8)) (0.4.2)
Requirement already satisfied: rsa<5,>=3.1.4 in c:\users\prana\appdata\roaming\python\python313\site-packages (from google-auth>=2.15.0->google-generativeai->-r requirements.txt (line 8)) (4.9.1)
Requirement already satisfied: pyasn1>=0.1.3 in c:\users\prana\appdata\roaming\python\python313\site-packages (from rsa<5,>=3.1.4->google-auth>=2.15.0->google-generativeai->-r requirements.txt (line 8)) (0.6.1)
Requirement already satisfied: httpcore==1.* in c:\users\prana\appdata\roaming\python\python313\site-packages (from httpx->-r requirements.txt (line 12)) (1.0.9)
Collecting email-validator>=2.0.0 (from pydantic[email]->-r requirements.txt (line 14))
  Downloading email_validator-2.3.0-py3-none-any.whl.metadata (26 kB)
Collecting ecdsa!=0.15 (from python-jose[cryptography]->-r requirements.txt (line 15))
  Downloading ecdsa-0.19.1-py2.py3-none-any.whl.metadata (29 kB)
Collecting cryptography>=3.4.0 (from python-jose[cryptography]->-r requirements.txt (line 15))
  Downloading cryptography-46.0.3-cp311-abi3-win_amd64.whl.metadata (5.7 kB)
Collecting bcrypt>=3.1.0 (from passlib[bcrypt]->-r requirements.txt (line 16))
  Downloading bcrypt-5.0.0-cp39-abi3-win_amd64.whl.metadata (10 kB)
Collecting cffi>=2.0.0 (from cryptography>=3.4.0->python-jose[cryptography]->-r requirements.txt (line 15))
  Downloading cffi-2.0.0-cp313-cp313-win_amd64.whl.metadata (2.6 kB)
Collecting pycparser (from cffi>=2.0.0->cryptography>=3.4.0->python-jose[cryptography]->-r requirements.txt (line 15))
  Downloading pycparser-2.23-py3-none-any.whl.metadata (993 bytes)
Collecting six>=1.9.0 (from ecdsa!=0.15->python-jose[cryptography]->-r requirements.txt (line 15))
  Downloading six-1.17.0-py2.py3-none-any.whl.metadata (1.7 kB)
Collecting dnspython>=2.0.0 (from email-validator>=2.0.0->pydantic[email]->-r requirements.txt (line 14))
  Downloading dnspython-2.8.0-py3-none-any.whl.metadata (5.7 kB)
Requirement already satisfied: httplib2<1.0.0,>=0.19.0 in c:\users\prana\appdata\roaming\python\python313\site-packages (from google-api-python-client->google-generativeai->-r requirements.txt (line 8)) (0.31.0)
Requirement already satisfied: google-auth-httplib2<1.0.0,>=0.2.0 in c:\users\prana\appdata\roaming\python\python313\site-packages (from google-api-python-client->google-generativeai->-r requirements.txt (line 8)) (0.2.0)
Requirement already satisfied: uritemplate<5,>=3.0.1 in c:\users\prana\appdata\roaming\python\python313\site-packages (from google-api-python-client->google-generativeai->-r requirements.txt (line 8)) (4.2.0)
Requirement already satisfied: pyparsing<4,>=3.0.4 in c:\users\prana\appdata\roaming\python\python313\site-packages (from httplib2<1.0.0,>=0.19.0->google-api-python-client->google-generativeai->-r requirements.txt (line 8)) (3.2.5)
Downloading sqlalchemy-2.0.44-cp313-cp313-win_amd64.whl (2.1 MB)
   ---------------------------------------- 2.1/2.1 MB 3.6 MB/s  0:00:00
Downloading python_jose-3.5.0-py2.py3-none-any.whl (34 kB)
Downloading passlib-1.7.4-py2.py3-none-any.whl (525 kB)
   ---------------------------------------- 525.6/525.6 kB 16.0 MB/s  0:00:00
Downloading PyJWT-2.10.1-py3-none-any.whl (22 kB)
Downloading razorpay-2.0.0-py3-none-any.whl (176 kB)
Downloading bcrypt-5.0.0-cp39-abi3-win_amd64.whl (150 kB)
Downloading cryptography-46.0.3-cp311-abi3-win_amd64.whl (3.5 MB)
   ---------------------------------------- 3.5/3.5 MB 6.7 MB/s  0:00:00
Downloading cffi-2.0.0-cp313-cp313-win_amd64.whl (183 kB)
Downloading ecdsa-0.19.1-py2.py3-none-any.whl (150 kB)
Downloading email_validator-2.3.0-py3-none-any.whl (35 kB)
Downloading dnspython-2.8.0-py3-none-any.whl (331 kB)
Downloading six-1.17.0-py2.py3-none-any.whl (11 kB)
Downloading pycparser-2.23-py3-none-any.whl (118 kB)
Installing collected packages: passlib, sqlalchemy, six, PyJWT, pycparser, dnspython, bcrypt, razorpay, email-validator, ecdsa, cffi, python-jose, cryptography
  WARNING: The script email_validator.exe is installed in 'C:\Users\prana\AppData\Roaming\Python\Python313\Scripts' which is not on PATH.
  Consider adding this directory to PATH or, if you prefer to suppress this warning, use --no-warn-script-location.

Successfully installed PyJWT-2.10.1 bcrypt-5.0.0 cffi-2.0.0 cryptography-46.0.3 dnspython-2.8.0 ecdsa-0.19.1 email-validator-2.3.0 passlib-1.7.4 pycparser-2.23 python-jose-3.5.0 razorpay-2.0.0 six-1.17.0 sqlalchemy-2.0.44
